<?xml version="1.0" encoding="UTF-8"?>
<testng-results ignored="0" total="4" passed="4" failed="0" skipped="0">
  <reporter-output>
  </reporter-output>
  <suite started-at="2025-01-25T16:36:05 IST" name="Default suite" finished-at="2025-01-25T16:36:16 IST" duration-ms="10992">
    <groups>
      <group name="cucumber">
        <method signature="AbstractTestNGCucumberTests.runScenario(io.cucumber.testng.PickleWrapper,io.cucumber.testng.FeatureWrapper)[pri:0, instance:TestRunner.Runner@1e800aaa]" name="runScenario" class="io.cucumber.testng.AbstractTestNGCucumberTests"/>
      </group> <!-- cucumber -->
    </groups>
    <test started-at="2025-01-25T16:36:05 IST" name="Default test" finished-at="2025-01-25T16:36:16 IST" duration-ms="10992">
      <class name="TestRunner.Runner">
        <test-method is-config="true" signature="setUpClass(org.testng.ITestContext)[pri:0, instance:TestRunner.Runner@1e800aaa]" started-at="2025-01-25T16:36:05 IST" name="setUpClass" finished-at="2025-01-25T16:36:05 IST" duration-ms="536" status="PASS">
          <params>
            <param index="0">
              <value>
                <![CDATA[org.testng.TestRunner@2c768ada]]>
              </value>
            </param>
          </params>
          <reporter-output>
          </reporter-output>
        </test-method> <!-- setUpClass -->
        <test-method signature="runScenario(io.cucumber.testng.PickleWrapper,io.cucumber.testng.FeatureWrapper)[pri:0, instance:TestRunner.Runner@1e800aaa]" started-at="2025-01-25T16:36:05 IST" name="runScenario" description="Runs Cucumber Scenarios" data-provider="scenarios" finished-at="2025-01-25T16:36:13 IST" duration-ms="7608" status="PASS">
          <params>
            <param index="0">
              <value>
                <![CDATA["Login page Functionality"]]>
              </value>
            </param>
            <param index="1">
              <value>
                <![CDATA["Testing Sause Demo Application"]]>
              </value>
            </param>
          </params>
          <reporter-output>
          </reporter-output>
        </test-method> <!-- runScenario -->
        <test-method signature="runScenario(io.cucumber.testng.PickleWrapper,io.cucumber.testng.FeatureWrapper)[pri:0, instance:TestRunner.Runner@1e800aaa]" started-at="2025-01-25T16:36:13 IST" name="runScenario" description="Runs Cucumber Scenarios" data-provider="scenarios" finished-at="2025-01-25T16:36:14 IST" duration-ms="1332" status="PASS">
          <params>
            <param index="0">
              <value>
                <![CDATA["Validate HomePage Functionality"]]>
              </value>
            </param>
            <param index="1">
              <value>
                <![CDATA["Testing Sause Demo Application"]]>
              </value>
            </param>
          </params>
          <reporter-output>
          </reporter-output>
        </test-method> <!-- runScenario -->
        <test-method signature="runScenario(io.cucumber.testng.PickleWrapper,io.cucumber.testng.FeatureWrapper)[pri:0, instance:TestRunner.Runner@1e800aaa]" started-at="2025-01-25T16:36:14 IST" name="runScenario" description="Runs Cucumber Scenarios" data-provider="scenarios" finished-at="2025-01-25T16:36:15 IST" duration-ms="1167" status="PASS">
          <params>
            <param index="0">
              <value>
                <![CDATA["Validate ChekOut Functionality"]]>
              </value>
            </param>
            <param index="1">
              <value>
                <![CDATA["Testing Sause Demo Application"]]>
              </value>
            </param>
          </params>
          <reporter-output>
          </reporter-output>
        </test-method> <!-- runScenario -->
        <test-method signature="runScenario(io.cucumber.testng.PickleWrapper,io.cucumber.testng.FeatureWrapper)[pri:0, instance:TestRunner.Runner@1e800aaa]" started-at="2025-01-25T16:36:15 IST" name="runScenario" description="Runs Cucumber Scenarios" data-provider="scenarios" finished-at="2025-01-25T16:36:16 IST" duration-ms="245" status="PASS">
          <params>
            <param index="0">
              <value>
                <![CDATA["Validate logout functionality"]]>
              </value>
            </param>
            <param index="1">
              <value>
                <![CDATA["Testing Sause Demo Application"]]>
              </value>
            </param>
          </params>
          <reporter-output>
          </reporter-output>
        </test-method> <!-- runScenario -->
        <test-method is-config="true" signature="tearDownClass()[pri:0, instance:TestRunner.Runner@1e800aaa]" started-at="2025-01-25T16:36:16 IST" name="tearDownClass" finished-at="2025-01-25T16:36:16 IST" duration-ms="7" status="PASS">
          <reporter-output>
          </reporter-output>
        </test-method> <!-- tearDownClass -->
      </class> <!-- TestRunner.Runner -->
    </test> <!-- Default test -->
  </suite> <!-- Default suite -->
</testng-results>
